<?xml version="1.0" encoding="UTF-8"?>
<!-- Generated by org.testng.reporters.JUnitReportReporter -->
<testsuite hostname="NANXCV00F718405" failures="0" tests="4" name="GroupID.ArtifactID.multiBrowserParallelexecution" time="11.165" errors="0" timestamp="2023-10-23T14:04:56 IST" skipped="0">
  <testcase classname="GroupID.ArtifactID.multiBrowserParallelexecution" name="invokingBrowsers" time="3.081"/>
  <testcase classname="GroupID.ArtifactID.multiBrowserParallelexecution" name="invokingBrowsers" time="2.844"/>
  <testcase classname="GroupID.ArtifactID.multiBrowserParallelexecution" name="invokingBrowsers" time="2.425"/>
  <testcase classname="GroupID.ArtifactID.multiBrowserParallelexecution" name="invokingBrowsers" time="2.815"/>
</testsuite> <!-- GroupID.ArtifactID.multiBrowserParallelexecution -->
