<?xml version="1.0" encoding="UTF-8"?>
<!-- Generated by org.testng.reporters.JUnitReportReporter -->
<testsuite hostname="NANXCV00F718405" failures="0" tests="4" name="GroupID.ArtifactID.multiBrowserParallelexecution" time="13.927" errors="0" timestamp="2023-10-27T17:03:52 IST" skipped="0">
  <testcase classname="GroupID.ArtifactID.multiBrowserParallelexecution" name="invokingBrowsers" time="3.935"/>
  <testcase classname="GroupID.ArtifactID.multiBrowserParallelexecution" name="invokingBrowsers" time="3.832"/>
  <testcase classname="GroupID.ArtifactID.multiBrowserParallelexecution" name="invokingBrowsers" time="3.813"/>
  <testcase classname="GroupID.ArtifactID.multiBrowserParallelexecution" name="invokingBrowsers" time="2.347"/>
</testsuite> <!-- GroupID.ArtifactID.multiBrowserParallelexecution -->
