<?xml version="1.0" encoding="UTF-8"?>
<!-- Generated by org.testng.reporters.JUnitReportReporter -->
<testsuite hostname="NANXCV00F718405" failures="0" tests="1" name="sauceDemo.Utilities.GetVariables" time="0.007" errors="0" timestamp="2023-10-30T15:37:05 IST" skipped="0">
  <testcase classname="sauceDemo.Utilities.GetVariables" name="GettingVariables" time="0.007"/>
</testsuite> <!-- sauceDemo.Utilities.GetVariables -->
