<?xml version="1.0" encoding="UTF-8"?>
<!-- Generated by org.testng.reporters.JUnitReportReporter -->
<testsuite hostname="NANXCV00F718405" failures="0" tests="4" name="GroupID.ArtifactID.multiBrowserParallelexecution" time="16.138" errors="0" timestamp="2023-10-25T16:48:47 IST" skipped="0">
  <testcase classname="GroupID.ArtifactID.multiBrowserParallelexecution" name="invokingBrowsers" time="4.579"/>
  <testcase classname="GroupID.ArtifactID.multiBrowserParallelexecution" name="invokingBrowsers" time="3.226"/>
  <testcase classname="GroupID.ArtifactID.multiBrowserParallelexecution" name="invokingBrowsers" time="4.046"/>
  <testcase classname="GroupID.ArtifactID.multiBrowserParallelexecution" name="invokingBrowsers" time="4.287"/>
</testsuite> <!-- GroupID.ArtifactID.multiBrowserParallelexecution -->
