<?xml version="1.0" encoding="UTF-8"?>
<!-- Generated by org.testng.reporters.JUnitReportReporter -->
<testsuite hostname="NANXCV00F718405" failures="0" tests="4" name="GroupID.ArtifactID.multiBrowserParallelexecution" time="12.758" errors="0" timestamp="2023-10-23T15:20:32 IST" skipped="0">
  <testcase classname="GroupID.ArtifactID.multiBrowserParallelexecution" name="invokingBrowsers" time="3.247"/>
  <testcase classname="GroupID.ArtifactID.multiBrowserParallelexecution" name="invokingBrowsers" time="3.027"/>
  <testcase classname="GroupID.ArtifactID.multiBrowserParallelexecution" name="invokingBrowsers" time="3.098"/>
  <testcase classname="GroupID.ArtifactID.multiBrowserParallelexecution" name="invokingBrowsers" time="3.386"/>
</testsuite> <!-- GroupID.ArtifactID.multiBrowserParallelexecution -->
