<?xml version="1.0" encoding="UTF-8"?>
<!-- Generated by org.testng.reporters.JUnitReportReporter -->
<testsuite hostname="NANXCV00F718405" failures="0" tests="1" name="GroupID.ArtifactID.sampleToGitCommits" time="0.006" errors="0" timestamp="2023-10-23T14:41:23 IST" skipped="0">
  <testcase classname="GroupID.ArtifactID.sampleToGitCommits" name="sampletest" time="0.006"/>
</testsuite> <!-- GroupID.ArtifactID.sampleToGitCommits -->
