<?xml version="1.0" encoding="UTF-8"?>
<!-- Generated by org.testng.reporters.JUnitReportReporter -->
<testsuite hostname="LTILHYD24003922" failures="0" tests="1" name="GroupID.ArtifactID.BrowserinvokeTest" time="6.435" errors="0" timestamp="2023-09-13T11:11:22 IST" skipped="0">
  <testcase classname="GroupID.ArtifactID.BrowserinvokeTest" name="f" time="6.435"/>
</testsuite> <!-- GroupID.ArtifactID.BrowserinvokeTest -->
